Arguments: 
  /usr/local/Cellar/node/11.4.0/bin/node /usr/local/Cellar/yarn/1.12.3/libexec/bin/yarn.js init

PATH: 
  /Users/mfilimonov/.yarn/bin:/usr/local/bin:/usr/bin:/bin:/usr/sbin:/sbin:/Users/mfilimonov/.yarn/bin:/Users/mfilimonov/.antigen/bundles/robbyrussell/oh-my-zsh/lib:/Users/mfilimonov/.antigen/bundles/robbyrussell/oh-my-zsh/plugins/git:/Users/mfilimonov/.antigen/bundles/robbyrussell/oh-my-zsh/plugins/command-not-found:/Users/mfilimonov/.antigen/bundles/zsh-users/zsh-syntax-highlighting:/Users/mfilimonov/Library/Android/sdk/tools:/Users/mfilimonov/Library/Android/sdk/platform-tools:/Users/mfilimonov/.cabal/bin:/Users/mfilimonov/Library/Android/sdk/tools:/Users/mfilimonov/Library/Android/sdk/platform-tools:/Users/mfilimonov/.cabal/bin

Yarn version: 
  1.12.3

Node version: 
  11.4.0

Platform: 
  darwin x64

Trace: 
  Error: canceled
      at Interface.<anonymous> (/usr/local/Cellar/yarn/1.12.3/libexec/lib/cli.js:125278:13)
      at Interface.emit (events.js:189:13)
      at Interface._ttyWrite (readline.js:801:16)
      at ReadStream.onkeypress (readline.js:184:10)
      at ReadStream.emit (events.js:189:13)
      at emitKeys (internal/readline.js:424:14)
      at emitKeys.next (<anonymous>)
      at ReadStream.onData (readline.js:1073:36)
      at ReadStream.emit (events.js:189:13)
      at addChunk (_stream_readable.js:288:12)

npm manifest: 
  No manifest

yarn manifest: 
  No manifest

Lockfile: 
  No lockfile
